[2017-06-01 01:36:56] lumen.ERROR: ReflectionException: Class App\Console\Commands\Change does not exist in /Users/donmyers/Desktop/cli/vendor/illuminate/container/Container.php:719
Stack trace:
#0 /Users/donmyers/Desktop/cli/vendor/illuminate/container/Container.php(719): ReflectionClass->__construct('App\\Console\\Com...')
#1 /Users/donmyers/Desktop/cli/vendor/illuminate/container/Container.php(598): Illuminate\Container\Container->build('App\\Console\\Com...')
#2 /Users/donmyers/Desktop/cli/vendor/illuminate/container/Container.php(567): Illuminate\Container\Container->resolve('App\\Console\\Com...')
#3 /Users/donmyers/Desktop/cli/vendor/laravel/lumen-framework/src/Application.php(208): Illuminate\Container\Container->make('App\\Console\\Com...')
#4 /Users/donmyers/Desktop/cli/vendor/illuminate/console/Application.php(192): Laravel\Lumen\Application->make('App\\Console\\Com...')
#5 /Users/donmyers/Desktop/cli/vendor/illuminate/console/Application.php(206): Illuminate\Console\Application->resolve('App\\Console\\Com...')
#6 /Users/donmyers/Desktop/cli/vendor/laravel/lumen-framework/src/Console/Kernel.php(166): Illuminate\Console\Application->resolveCommands(Array)
#7 /Users/donmyers/Desktop/cli/vendor/laravel/lumen-framework/src/Console/Kernel.php(84): Laravel\Lumen\Console\Kernel->getArtisan()
#8 /Users/donmyers/Desktop/cli/artisan(35): Laravel\Lumen\Console\Kernel->handle(Object(Symfony\Component\Console\Input\ArgvInput), Object(Symfony\Component\Console\Output\ConsoleOutput))
#9 {main}  
[2017-06-01 01:37:11] lumen.ERROR: ReflectionException: Class App\Console\Commands\Change does not exist in /Users/donmyers/Desktop/cli/vendor/illuminate/container/Container.php:719
Stack trace:
#0 /Users/donmyers/Desktop/cli/vendor/illuminate/container/Container.php(719): ReflectionClass->__construct('App\\Console\\Com...')
#1 /Users/donmyers/Desktop/cli/vendor/illuminate/container/Container.php(598): Illuminate\Container\Container->build('App\\Console\\Com...')
#2 /Users/donmyers/Desktop/cli/vendor/illuminate/container/Container.php(567): Illuminate\Container\Container->resolve('App\\Console\\Com...')
#3 /Users/donmyers/Desktop/cli/vendor/laravel/lumen-framework/src/Application.php(208): Illuminate\Container\Container->make('App\\Console\\Com...')
#4 /Users/donmyers/Desktop/cli/vendor/illuminate/console/Application.php(192): Laravel\Lumen\Application->make('App\\Console\\Com...')
#5 /Users/donmyers/Desktop/cli/vendor/illuminate/console/Application.php(206): Illuminate\Console\Application->resolve('App\\Console\\Com...')
#6 /Users/donmyers/Desktop/cli/vendor/laravel/lumen-framework/src/Console/Kernel.php(166): Illuminate\Console\Application->resolveCommands(Array)
#7 /Users/donmyers/Desktop/cli/vendor/laravel/lumen-framework/src/Console/Kernel.php(84): Laravel\Lumen\Console\Kernel->getArtisan()
#8 /Users/donmyers/Desktop/cli/artisan(35): Laravel\Lumen\Console\Kernel->handle(Object(Symfony\Component\Console\Input\ArgvInput), Object(Symfony\Component\Console\Output\ConsoleOutput))
#9 {main}  
